\BOOKMARK [1][]{section.1}{\376\377\116\000\060\001\000\040\225\356\230\230\221\315\217\360}{}% 1
\BOOKMARK [2][]{subsection.1.1}{\376\377\0001\000.\0001\000\040\225\356\230\230\200\314\146\157}{section.1}% 2
\BOOKMARK [2][]{subsection.1.2}{\376\377\0001\000.\0002\000\040\225\356\230\230\211\201\154\102}{section.1}% 3
\BOOKMARK [1][]{section.2}{\376\377\116\214\060\001\000\040\225\356\230\230\122\006\147\220}{}% 4
\BOOKMARK [2][]{subsection.2.1}{\376\377\0002\000.\0001\000\040\225\356\230\230\116\000\122\006\147\220}{section.2}% 5
\BOOKMARK [2][]{subsection.2.2}{\376\377\0002\000.\0002\000\040\225\356\230\230\116\214\122\006\147\220}{section.2}% 6
\BOOKMARK [2][]{subsection.2.3}{\376\377\0002\000.\0003\000\040\225\356\230\230\116\011\122\006\147\220}{section.2}% 7
\BOOKMARK [2][]{subsection.2.4}{\376\377\0002\000.\0004\000\040\225\356\230\230\126\333\122\006\147\220}{section.2}% 8
\BOOKMARK [1][]{section.3}{\376\377\116\011\060\001\000\040\152\041\127\213\120\107\213\276}{}% 9
\BOOKMARK [1][]{section.4}{\376\377\126\333\060\001\000\040\173\046\123\367\213\364\146\016}{}% 10
\BOOKMARK [1][]{section.5}{\376\377\116\224\060\001\000\040\225\356\230\230\116\000\166\204\152\041\127\213\166\204\136\372\172\313\124\214\154\102\211\343}{}% 11
\BOOKMARK [2][]{subsection.5.1}{\376\377\0005\000.\0001\000\040\145\160\143\156\230\204\131\004\164\006\116\016\162\171\137\201\135\345\172\013}{section.5}% 12
\BOOKMARK [3][]{subsubsection.5.1.1}{\376\377\0005\000.\0001\000.\0001\000\040\167\141\167\040\145\366\225\364\150\074\137\017\217\154\143\142}{subsection.5.1}% 13
\BOOKMARK [3][]{subsubsection.5.1.2}{\376\377\0005\000.\0001\000.\0002\000\040\122\006\174\173\123\330\221\317\177\026\170\001\116\016\146\040\134\004}{subsection.5.1}% 14
\BOOKMARK [3][]{subsubsection.5.1.3}{\376\377\0005\000.\0001\000.\0003\000\040\145\160\120\074\127\213\162\171\137\201\150\007\121\306\123\026}{subsection.5.1}% 15
\BOOKMARK [2][]{subsection.5.2}{\376\377\0005\000.\0002\000\040\143\242\175\042\140\047\145\160\143\156\122\006\147\220\000\040\000\050\000E\000D\000A\000\051\000\040\176\323\147\234}{section.5}% 16
\BOOKMARK [3][]{subsubsection.5.2.1}{\376\377\0005\000.\0002\000.\0001\000\040\123\330\221\317\122\006\136\003\162\171\137\201}{subsection.5.2}% 17
\BOOKMARK [3][]{subsubsection.5.2.2}{\376\377\0005\000.\0002\000.\0002\000\040\166\370\121\163\140\047\122\006\147\220}{subsection.5.2}% 18
\BOOKMARK [3][]{subsubsection.5.2.3}{\376\377\0005\000.\0002\000.\0003\000\040\122\006\174\173\123\330\221\317\133\371\217\336\176\355\123\330\221\317\166\204\137\161\124\315\000\040\000\050\000A\000N\000O\000V\000A\000\051}{subsection.5.2}% 19
\BOOKMARK [3][]{subsubsection.5.2.4}{\376\377\0005\000.\0002\000.\0004\000\040\122\006\174\173\123\330\221\317\225\364\166\204\121\163\200\124\140\047\000\040\000\050\000C\000h\000i\000-\000s\000q\000u\000a\000r\000e\000\051}{subsection.5.2}% 20
\BOOKMARK [3][]{subsubsection.5.2.5}{\376\377\0005\000.\0002\000.\0005\000\040\131\032\221\315\121\161\176\277\140\047\150\300\147\345}{subsection.5.2}% 21
\BOOKMARK [2][]{subsection.5.3}{\376\377\0005\000.\0003\000\040\152\041\127\213\220\011\142\351\116\016\164\006\213\272\127\372\170\100}{section.5}% 22
\BOOKMARK [3][]{subsubsection.5.3.1}{\376\377\0005\000.\0003\000.\0001\000\040\132\164\121\077\167\141\167\040\215\050\221\317\152\041\127\213\377\032\131\032\121\103\176\277\140\047\126\336\137\122}{subsection.5.3}% 23
\BOOKMARK [3][]{subsubsection.5.3.2}{\376\377\0005\000.\0003\000.\0002\000\040\132\164\121\077\210\114\116\072\162\171\137\201\152\041\127\213\377\032\131\032\230\171\220\073\217\221\126\336\137\122}{subsection.5.3}% 24
\BOOKMARK [2][]{subsection.5.4}{\376\377\0005\000.\0004\000\040\152\041\127\213\147\204\136\372\116\016\154\102\211\343}{section.5}% 25
\BOOKMARK [3][]{subsubsection.5.4.1}{\376\377\0005\000.\0004\000.\0001\000\040\132\164\121\077\167\141\167\040\215\050\221\317\176\277\140\047\126\336\137\122\152\041\127\213\147\204\136\372}{subsection.5.4}% 26
\BOOKMARK [3][]{subsubsection.5.4.2}{\376\377\0005\000.\0004\000.\0002\000\040\132\164\121\077\210\114\116\072\162\171\137\201\131\032\230\171\220\073\217\221\126\336\137\122\152\041\127\213\147\204\136\372}{subsection.5.4}% 27
\BOOKMARK [2][]{subsection.5.5}{\376\377\0005\000.\0005\000\040\152\041\127\213\176\323\147\234\116\016\122\006\147\220}{section.5}% 28
\BOOKMARK [1][]{section.6}{\376\377\121\155\060\001\000\040\225\356\230\230\116\214\166\204\152\041\127\213\166\204\136\372\172\313\124\214\154\102\211\343}{}% 29
\BOOKMARK [2][]{subsection.6.1}{\376\377\0006\000.\0001\000\040\152\041\127\213\136\372\172\313}{section.6}% 30
\BOOKMARK [3][]{subsubsection.6.1.1}{\376\377\0006\000.\0001\000.\0001\000\040\152\041\127\213\220\011\142\351\116\016\152\041\127\213\176\323\147\204\377\032}{subsection.6.1}% 31
\BOOKMARK [3][]{subsubsection.6.1.2}{\376\377\0006\000.\0001\000.\0002\000\040\000\040\145\160\143\156\230\204\131\004\164\006}{subsection.6.1}% 32
\BOOKMARK [3][]{subsubsection.6.1.3}{\376\377\0006\000.\0001\000.\0003\000\040\152\041\127\213\173\241\220\123\133\232\116\111\377\032}{subsection.6.1}% 33
\BOOKMARK [3][]{subsubsection.6.1.4}{\376\377\0006\000.\0001\000.\0004\000\040\215\205\123\302\145\160\214\003\117\030}{subsection.6.1}% 34
\BOOKMARK [2][]{subsection.6.2}{\376\377\0006\000.\0002\000\040\152\041\127\213\154\102\211\343}{section.6}% 35
\BOOKMARK [2][]{subsection.6.3}{\376\377\0006\000.\0003\000\040\154\102\211\343\176\323\147\234}{section.6}% 36
\BOOKMARK [1][]{section.7}{\376\377\116\003\060\001\000\040\225\356\230\230\116\011\166\204\152\041\127\213\166\204\136\372\172\313\124\214\154\102\211\343}{}% 37
\BOOKMARK [2][]{subsection.7.1}{\376\377\0007\000.\0001\000\040\152\041\127\213\136\372\172\313}{section.7}% 38
\BOOKMARK [2][]{subsection.7.2}{\376\377\0007\000.\0002\000\040\152\041\127\213\154\102\211\343}{section.7}% 39
\BOOKMARK [2][]{subsection.7.3}{\376\377\0007\000.\0003\000\040\154\102\211\343\176\323\147\234}{section.7}% 40
\BOOKMARK [1][]{section.8}{\376\377\121\153\060\001\000\040\225\356\230\230\126\333\166\204\152\041\127\213\166\204\136\372\172\313\124\214\154\102\211\343}{}% 41
\BOOKMARK [2][]{subsection.8.1}{\376\377\0008\000.\0001\000\040\152\041\127\213\136\372\172\313}{section.8}% 42
\BOOKMARK [2][]{subsection.8.2}{\376\377\0008\000.\0002\000\040\152\041\127\213\154\102\211\343}{section.8}% 43
\BOOKMARK [2][]{subsection.8.3}{\376\377\0008\000.\0003\000\040\154\102\211\343\176\323\147\234}{section.8}% 44
\BOOKMARK [1][]{section.9}{\376\377\116\135\060\001\000\040\152\041\127\213\166\204\122\006\147\220\116\016\150\300\232\214}{}% 45
\BOOKMARK [2][]{subsection.9.1}{\376\377\0009\000.\0001\000\040\160\165\145\117\136\246\122\006\147\220}{section.9}% 46
\BOOKMARK [2][]{subsection.9.2}{\376\377\0009\000.\0002\000\040\213\357\135\356\122\006\147\220}{section.9}% 47
\BOOKMARK [1][]{section.10}{\376\377\123\101\060\001\000\040\152\041\127\213\166\204\213\304\116\367}{}% 48
\BOOKMARK [2][]{subsection.10.1}{\376\377\0001\0000\000.\0001\000\040\152\041\127\213\166\204\117\030\160\271}{section.10}% 49
\BOOKMARK [2][]{subsection.10.2}{\376\377\0001\0000\000.\0002\000\040\152\041\127\213\166\204\177\072\160\271}{section.10}% 50
\BOOKMARK [1][]{appendix.a.A}{\376\377\226\104\137\125\000\040\000A\000\040\145\207\116\366\122\027\210\150}{}% 51
\BOOKMARK [1][]{appendix.a.B}{\376\377\226\104\137\125\000\040\000B\000\040\116\343\170\001}{}% 52
